\BOOKMARK [1][-]{section.1}{\376\377\000P\000r\000o\000c\000e\000s\000s\000i\000n\000g\000\040\000U\000n\000i\000t\000\040\000\050\000U\000n\000i\000t\000\351\000\040\000d\000e\000\040\000T\000r\000a\000i\000t\000e\000m\000e\000n\000t\000\051}{}% 1
\BOOKMARK [2][-]{subsection.1.1}{\376\377\000A\000r\000i\000t\000h\000m\000e\000t\000i\000c\000\040\000L\000o\000g\000i\000c\000\040\000U\000n\000i\000t\000\040\000\050\000U\000n\000i\000t\000\351\000\040\000A\000r\000i\000t\000h\000m\000\351\000t\000i\000q\000u\000e\000\040\000L\000o\000g\000i\000q\000u\000e\000\051}{section.1}% 2
\BOOKMARK [2][-]{subsection.1.2}{\376\377\000R\000e\000g\000i\000s\000t\000e\000r\000\040\000F\000i\000l\000e\000\040\000\050\000B\000a\000n\000c\000\040\000d\000e\000\040\000R\000e\000g\000i\000s\000t\000r\000e\000s\000\051}{section.1}% 3
\BOOKMARK [3][-]{subsubsection.1.2.1}{\376\377\000D\000e\000s\000i\000g\000n\000\040\000R\000e\000g\000i\000s\000t\000e\000r\000\040\000F\000i\000l\000e}{subsection.1.2}% 4
\BOOKMARK [3][-]{subsubsection.1.2.2}{\376\377\000A\000s\000s\000e\000m\000b\000l\000e\000\040\000A\000L\000U\000\040\000a\000n\000d\000\040\000R\000e\000g\000i\000s\000t\000e\000r\000\040\000F\000i\000l\000e}{subsection.1.2}% 5
\BOOKMARK [2][-]{subsection.1.3}{\376\377\0002\000\040\000t\000o\000\040\0001\000\040\000M\000u\000l\000t\000i\000p\000l\000e\000x\000e\000r\000\040\000\050\000M\000u\000l\000t\000i\000p\000l\000e\000x\000e\000u\000r\000\040\0002\000\040\000v\000e\000r\000s\000\040\0001\000\051}{section.1}% 6
\BOOKMARK [2][-]{subsection.1.4}{\376\377\000S\000i\000g\000n\000\040\000E\000x\000t\000e\000n\000s\000i\000o\000n\000\040\000\050\000E\000x\000t\000e\000n\000s\000i\000o\000n\000\040\000d\000e\000\040\000S\000i\000g\000n\000e\000\051}{section.1}% 7
\BOOKMARK [2][-]{subsection.1.5}{\376\377\000D\000a\000t\000a\000\040\000M\000e\000m\000o\000r\000y\000\040\000\050\000M\000\351\000m\000o\000i\000r\000e\000\040\000d\000e\000\040\000D\000o\000n\000n\000\351\000e\000s\000\051}{section.1}% 8
\BOOKMARK [2][-]{subsection.1.6}{\376\377\000A\000s\000s\000e\000m\000b\000l\000e\000\040\000P\000r\000o\000c\000e\000s\000s\000i\000n\000g\000\040\000U\000n\000i\000t\000\040\000\050\000A\000s\000s\000e\000m\000b\000l\000a\000g\000e\000\040\000U\000n\000i\000t\000\351\000\040\000d\000e\000\040\000T\000r\000a\000i\000t\000e\000m\000e\000n\000t\000\051}{section.1}% 9
\BOOKMARK [1][-]{section.2}{\376\377\000I\000n\000s\000t\000r\000u\000c\000t\000i\000o\000n\000\040\000M\000a\000n\000a\000g\000e\000m\000e\000n\000t\000\040\000U\000n\000i\000t\000\040\000\050\000U\000n\000i\000t\000\351\000\040\000d\000e\000\040\000g\000e\000s\000t\000i\000o\000n\000\040\000d\000e\000s\000\040\000i\000n\000s\000t\000r\000u\000c\000t\000i\000o\000n\000s\000\051}{}% 10
\BOOKMARK [2][-]{subsection.2.1}{\376\377\000D\000e\000s\000i\000g\000n\000\040\000I\000n\000s\000t\000r\000u\000c\000t\000i\000o\000n\000\040\000M\000a\000n\000a\000g\000e\000m\000e\000n\000t\000\040\000U\000n\000i\000t}{section.2}% 11
\BOOKMARK [2][-]{subsection.2.2}{\376\377\000S\000i\000m\000u\000l\000a\000t\000i\000o\000n\000\040\000f\000o\000r\000\040\000I\000n\000s\000t\000r\000u\000c\000t\000i\000o\000n\000\040\000M\000a\000n\000a\000g\000e\000m\000e\000n\000t\000\040\000U\000n\000i\000t}{section.2}% 12
\BOOKMARK [1][-]{section.3}{\376\377\000C\000o\000n\000t\000r\000o\000l\000\040\000U\000n\000i\000t\000\040\000\050\000U\000n\000i\000t\000\351\000\040\000d\000e\000\040\000C\000o\000n\000t\000r\000\364\000l\000e\000\051}{}% 13
\BOOKMARK [2][-]{subsection.3.1}{\376\377\0003\0002\000-\000b\000i\000t\000\040\000R\000e\000g\000i\000s\000t\000e\000r\000\040\000w\000i\000t\000h\000\040\000L\000o\000a\000d\000\040\000I\000n\000s\000t\000r\000u\000c\000t\000i\000o\000n\000\040\000\050\000R\000e\000g\000i\000s\000t\000r\000e\000\040\0003\0002\000-\000b\000i\000t\000\040\000a\000v\000e\000c\000\040\000C\000o\000m\000m\000a\000n\000d\000e\000\040\000d\000e\000\040\000C\000h\000a\000r\000g\000e\000m\000e\000n\000t\000\051}{section.3}% 14
\BOOKMARK [2][-]{subsection.3.2}{\376\377\000I\000n\000s\000t\000r\000u\000c\000t\000i\000o\000n\000\040\000D\000e\000c\000o\000d\000e\000r\000\040\000\050\000D\000e\000c\000o\000d\000e\000u\000r\000\040\000d\040\031\000I\000n\000s\000t\000r\000u\000c\000t\000i\000o\000n\000s\000\051}{section.3}% 15
\BOOKMARK [1][-]{section.4}{\376\377\000A\000s\000s\000e\000m\000b\000l\000y\000\040\000a\000n\000d\000\040\000V\000a\000l\000i\000d\000a\000t\000i\000o\000n\000\040\000o\000f\000\040\000P\000r\000o\000c\000e\000s\000s\000o\000r\000\040\000\050\000A\000s\000s\000e\000m\000b\000l\000a\000g\000e\000\040\000e\000t\000\040\000V\000a\000l\000i\000d\000a\000t\000i\000o\000n\000\040\000d\000u\000\040\000P\000r\000o\000c\000e\000s\000s\000e\000u\000r\000\051}{}% 16
\BOOKMARK [2][-]{subsection.4.1}{\376\377\000A\000s\000s\000e\000m\000b\000l\000e\000\040\000P\000r\000o\000c\000e\000s\000s\000o\000r}{section.4}% 17
\BOOKMARK [2][-]{subsection.4.2}{\376\377\000S\000i\000m\000u\000l\000a\000t\000e\000\040\000P\000r\000o\000c\000e\000s\000s\000o\000r}{section.4}% 18
\BOOKMARK [1][-]{section.5}{\376\377\000T\000e\000s\000t\000\040\000P\000r\000o\000c\000e\000s\000s\000o\000r\000\040\000C\000o\000m\000p\000l\000e\000t\000e\000l\000y\000\040\000\050\000T\000e\000s\000t\000\040\000C\000o\000m\000p\000l\000e\000t\000\040\000d\000u\000\040\000P\000r\000o\000c\000e\000s\000s\000e\000u\000r\000\051}{}% 19
\BOOKMARK [1][-]{section.6}{\376\377\000I\000n\000c\000r\000e\000a\000s\000i\000n\000g\000\040\000t\000h\000e\000\040\000I\000n\000s\000t\000r\000u\000c\000t\000i\000o\000n\000\040\000S\000e\000t\000\040\000\050\000A\000u\000g\000m\000e\000n\000t\000a\000t\000i\000o\000n\000\040\000d\000u\000\040\000J\000e\000u\000\040\000d\000'\000I\000n\000s\000t\000r\000u\000c\000t\000i\000o\000n\000\051}{}% 20
\BOOKMARK [1][-]{appendix.A}{\376\377\000A\000p\000p\000e\000n\000d\000i\000c\000e\000s}{}% 21
